<?xml version="1.0" encoding="UTF-8"?>
<!-- Generated by org.testng.reporters.JUnitReportReporter -->
<testsuite skipped="0" hostname="DESKTOP-4LA1QK6" name="test.TC5B" tests="11" failures="0" timestamp="27 Jan 2019 03:54:09 GMT" time="128.554" errors="0">
  <testcase name="setup" time="58.039" classname="test.TC5B"/>
  <testcase name="testLogin" time="12.484" classname="test.TC5B"/>
  <testcase name="addToCart" time="1.933" classname="test.TC5B"/>
  <testcase name="clickCartIcon" time="0.744" classname="test.TC5B"/>
  <testcase name="clickCheckout" time="1.880" classname="test.TC5B"/>
  <testcase name="fllInCheckoutInfo" time="1.774" classname="test.TC5B"/>
  <testcase name="verifyError" time="0.471" classname="test.TC5B"/>
  <testcase name="fllInCheckoutInfo2" time="28.978" classname="test.TC5B"/>
  <testcase name="verifyError2" time="0.449" classname="test.TC5B"/>
  <testcase name="fllInCheckoutInfo3" time="21.532" classname="test.TC5B"/>
  <testcase name="verifyError3" time="0.270" classname="test.TC5B"/>
</testsuite> <!-- test.TC5B -->
