<?xml version="1.0" encoding="UTF-8"?>
<!-- Generated by org.testng.reporters.JUnitReportReporter -->
<testsuite skipped="0" hostname="DESKTOP-4LA1QK6" name="test.TC2" tests="9" failures="0" timestamp="27 Jan 2019 04:17:50 GMT" time="34.736" errors="0">
  <testcase name="setup" time="21.118" classname="test.TC2"/>
  <testcase name="testLogin" time="6.562" classname="test.TC2"/>
  <testcase name="clickCartIcon" time="0.749" classname="test.TC2"/>
  <testcase name="validateCartPage" time="1.791" classname="test.TC2"/>
  <testcase name="clickCheckout" time="1.015" classname="test.TC2"/>
  <testcase name="fllInCheckoutInfo" time="0.561" classname="test.TC2"/>
  <testcase name="clickContinue" time="0.646" classname="test.TC2"/>
  <testcase name="clickFinish" time="1.935" classname="test.TC2"/>
  <testcase name="validate" time="0.359" classname="test.TC2"/>
</testsuite> <!-- test.TC2 -->
