<?xml version="1.0" encoding="UTF-8"?>
<!-- Generated by org.testng.reporters.JUnitReportReporter -->
<testsuite skipped="0" hostname="DESKTOP-4LA1QK6" name="test.TC0" tests="11" failures="0" timestamp="27 Jan 2019 02:36:47 GMT" time="26.298" errors="0">
  <testcase name="setup" time="13.884" classname="test.TC0"/>
  <testcase name="validateLoginPage" time="0.464" classname="test.TC0"/>
  <testcase name="testLogin" time="3.638" classname="test.TC0"/>
  <testcase name="validateInventoryPage" time="1.125" classname="test.TC0"/>
  <testcase name="validateLeftPanel" time="0.621" classname="test.TC0"/>
  <testcase name="closeLeftPanel" time="1.111" classname="test.TC0"/>
  <testcase name="addToCart" time="0.875" classname="test.TC0"/>
  <testcase name="clickCartIcon" time="1.838" classname="test.TC0"/>
  <testcase name="validateCartPage" time="0.390" classname="test.TC0"/>
  <testcase name="logout" time="2.069" classname="test.TC0"/>
  <testcase name="closeBrowser" time="0.283" classname="test.TC0"/>
</testsuite> <!-- test.TC0 -->
