<?xml version="1.0" encoding="UTF-8"?>
<!-- Generated by org.testng.reporters.JUnitReportReporter -->
<testsuite skipped="0" hostname="DESKTOP-4LA1QK6" name="test.TC4" tests="13" failures="0" timestamp="27 Jan 2019 06:15:33 GMT" time="32.757" errors="0">
  <testcase name="setup" time="16.208" classname="test.TC4"/>
  <testcase name="testLogin" time="4.764" classname="test.TC4"/>
  <testcase name="addToCart" time="2.970" classname="test.TC4"/>
  <testcase name="clickCartIcon" time="0.985" classname="test.TC4"/>
  <testcase name="validateOrder" time="0.401" classname="test.TC4"/>
  <testcase name="validateProductDetails" time="0.325" classname="test.TC4"/>
  <testcase name="clickCheckout" time="0.497" classname="test.TC4"/>
  <testcase name="fllInCheckoutInfo" time="1.040" classname="test.TC4"/>
  <testcase name="validateDetails" time="0.073" classname="test.TC4"/>
  <testcase name="validatePrice" time="0.068" classname="test.TC4"/>
  <testcase name="clickFinish" time="1.272" classname="test.TC4"/>
  <testcase name="validate" time="0.319" classname="test.TC4"/>
  <testcase name="clickCart" time="3.835" classname="test.TC4"/>
</testsuite> <!-- test.TC4 -->
