<?xml version="1.0" encoding="UTF-8"?>
<!-- Generated by org.testng.reporters.JUnitReportReporter -->
<testsuite skipped="0" hostname="DESKTOP-4LA1QK6" name="test.TC5A" tests="5" failures="0" timestamp="27 Jan 2019 03:07:43 GMT" time="25.624" errors="0">
  <testcase name="setup" time="11.999" classname="test.TC5A"/>
  <testcase name="testLogin" time="0.651" classname="test.TC5A"/>
  <testcase name="verifyErrorMessage" time="0.466" classname="test.TC5A"/>
  <testcase name="testLogin2" time="12.247" classname="test.TC5A"/>
  <testcase name="verifyErrorMessage2" time="0.261" classname="test.TC5A"/>
</testsuite> <!-- test.TC5A -->
